<?xml version="1.0" encoding="UTF-8"?>
<!-- Generated by org.testng.reporters.JUnitReportReporter -->
<testsuite skipped="0" hostname="LAPTOP-QKN1RJAQ" name="testcases.SampleTest2" tests="1" failures="0" timestamp="2022-04-17T19:15:34 IST" time="8.745" errors="0">
  <testcase name="sampe" time="8.745" classname="testcases.SampleTest2"/>
  <system-out/>
</testsuite> <!-- testcases.SampleTest2 -->
