<?xml version="1.0" encoding="UTF-8"?>
<!-- Generated by org.testng.reporters.JUnitReportReporter -->
<testsuite skipped="0" hostname="LAPTOP-QKN1RJAQ" name="testcases.SampleTest2" tests="1" failures="0" timestamp="2022-04-18T23:40:25 IST" time="11.700" errors="0">
  <testcase name="sampe" time="11.700" classname="testcases.SampleTest2"/>
  <system-out/>
</testsuite> <!-- testcases.SampleTest2 -->
