<?xml version="1.0" encoding="UTF-8"?>
<!-- Generated by org.testng.reporters.JUnitReportReporter -->
<testsuite skipped="0" hostname="LAPTOP-QKN1RJAQ" name="testcases.SampleTest4" tests="1" failures="0" timestamp="2022-04-18T14:59:30 IST" time="5.428" errors="0">
  <testcase name="sampe" time="5.428" classname="testcases.SampleTest4"/>
  <system-out/>
</testsuite> <!-- testcases.SampleTest4 -->
