<?xml version="1.0" encoding="UTF-8"?>
<!-- Generated by org.testng.reporters.JUnitReportReporter -->
<testsuite skipped="0" hostname="LAPTOP-QKN1RJAQ" name="testcases.SampleTest3" tests="1" failures="0" timestamp="2022-04-18T23:40:25 IST" time="12.059" errors="0">
  <testcase name="sampe" time="12.059" classname="testcases.SampleTest3"/>
  <system-out/>
</testsuite> <!-- testcases.SampleTest3 -->
